In file included from /usr/include/c++/14/string:42,
                 from /home/z/sci-calc/calc-core/src/main/cpp/public/calc/set_operations.h:7,
                 from /home/z/sci-calc/calc-core/src/main/cpp/src/set_operations.cpp:1:
In static member function ‘static constexpr std::size_t std::char_traits<char>::length(const char_type*)’,
    inlined from ‘std::__cxx11::basic_string<_CharT, _Traits, _Alloc>& std::__cxx11::basic_string<_CharT, _Traits, _Alloc>::append(const _CharT*) [with _CharT = char; _Traits = std::char_traits<char>; _Alloc = std::allocator<char>]’ at /usr/include/c++/14/bits/basic_string.h:1483:43,
    inlined from ‘std::__cxx11::basic_string<_CharT, _Traits, _Allocator> std::operator+(__cxx11::basic_string<_CharT, _Traits, _Allocator>&&, const _CharT*) [with _CharT = char; _Traits = char_traits<char>; _Alloc = allocator<char>]’ at /usr/include/c++/14/bits/basic_string.h:3735:36,
    inlined from ‘calc::CalcSet::toString() const::<lambda(const auto:29&)> [with auto:29 = calc::CalcSet::Computed]’ at /home/z/sci-calc/calc-core/src/main/cpp/src/set_operations.cpp:139:39,
    inlined from ‘constexpr _Res std::__invoke_impl(__invoke_other, _Fn&&, _Args&& ...) [with _Res = __cxx11::basic_string<char>; _Fn = calc::CalcSet::toString() const::<lambda(const auto:29&)>; _Args = {const calc::CalcSet::Computed&}]’ at /usr/include/c++/14/bits/invoke.h:61:67,
    inlined from ‘constexpr typename std::__invoke_result<_Functor, _ArgTypes>::type std::__invoke(_Callable&&, _Args&& ...) [with _Callable = calc::CalcSet::toString() const::<lambda(const auto:29&)>; _Args = {const calc::CalcSet::Computed&}]’ at /usr/include/c++/14/bits/invoke.h:97:36,
    inlined from ‘static constexpr decltype(auto) std::__detail::__variant::__gen_vtable_impl<std::__detail::__variant::_Multi_array<_Result_type (*)(_Visitor, _Variants ...)>, std::integer_sequence<long unsigned int, __indices ...> >::__visit_invoke(_Visitor&&, _Variants ...) [with _Result_type = std::__detail::__variant::__deduce_visit_result<std::__cxx11::basic_string<char> >; _Visitor = calc::CalcSet::toString() const::<lambda(const auto:29&)>&&; _Variants = {const std::variant<calc::CalcSet::Enumerated, calc::CalcSet::Interval, calc::CalcSet::Computed, calc::CalcSet::PredefinedSet>&}; long unsigned int ...__indices = {2}]’ at /usr/include/c++/14/variant:1062:38,
    inlined from ‘constexpr decltype(auto) std::__do_visit(_Visitor&&, _Variants&& ...) [with _Result_type = __detail::__variant::__deduce_visit_result<__cxx11::basic_string<char> >; _Visitor = calc::CalcSet::toString() const::<lambda(const auto:29&)>; _Variants = {const variant<calc::CalcSet::Enumerated, calc::CalcSet::Interval, calc::CalcSet::Computed, calc::CalcSet::PredefinedSet>&}]’ at /usr/include/c++/14/variant:1821:5:
/usr/include/c++/14/bits/char_traits.h:391:32: warning: ‘opStr’ may be used uninitialized [-Wmaybe-uninitialized]
  391 |         return __builtin_strlen(__s);
      |                ~~~~~~~~~~~~~~~~^~~~~
/home/z/sci-calc/calc-core/src/main/cpp/src/set_operations.cpp: In function ‘constexpr decltype(auto) std::__do_visit(_Visitor&&, _Variants&& ...) [with _Result_type = __detail::__variant::__deduce_visit_result<__cxx11::basic_string<char> >; _Visitor = calc::CalcSet::toString() const::<lambda(const auto:29&)>; _Variants = {const variant<calc::CalcSet::Enumerated, calc::CalcSet::Interval, calc::CalcSet::Computed, calc::CalcSet::PredefinedSet>&}]’:
/home/z/sci-calc/calc-core/src/main/cpp/src/set_operations.cpp:133:25: note: ‘opStr’ was declared here
  133 |             const char* opStr;
      |                         ^~~~~
In file included from /home/z/sci-calc/.scicalc-cache/toolchains/mingw/usr/lib/gcc/x86_64-w64-mingw32ucrt/14/include/c++/string:42,
                 from /home/z/sci-calc/calc-core/src/main/cpp/public/calc/set_operations.h:7,
                 from /home/z/sci-calc/calc-core/src/main/cpp/src/set_operations.cpp:1:
In static member function ‘static constexpr std::size_t std::char_traits<char>::length(const char_type*)’,
    inlined from ‘std::__cxx11::basic_string<_CharT, _Traits, _Alloc>& std::__cxx11::basic_string<_CharT, _Traits, _Alloc>::append(const _CharT*) [with _CharT = char; _Traits = std::char_traits<char>; _Alloc = std::allocator<char>]’ at /home/z/sci-calc/.scicalc-cache/toolchains/mingw/usr/lib/gcc/x86_64-w64-mingw32ucrt/14/include/c++/bits/basic_string.h:1483:43,
    inlined from ‘std::__cxx11::basic_string<_CharT, _Traits, _Allocator> std::operator+(__cxx11::basic_string<_CharT, _Traits, _Allocator>&&, const _CharT*) [with _CharT = char; _Traits = char_traits<char>; _Alloc = allocator<char>]’ at /home/z/sci-calc/.scicalc-cache/toolchains/mingw/usr/lib/gcc/x86_64-w64-mingw32ucrt/14/include/c++/bits/basic_string.h:3735:36,
    inlined from ‘calc::CalcSet::toString() const::<lambda(const auto:29&)> [with auto:29 = calc::CalcSet::Computed]’ at /home/z/sci-calc/calc-core/src/main/cpp/src/set_operations.cpp:139:39,
    inlined from ‘constexpr _Res std::__invoke_impl(__invoke_other, _Fn&&, _Args&& ...) [with _Res = __cxx11::basic_string<char>; _Fn = calc::CalcSet::toString() const::<lambda(const auto:29&)>; _Args = {const calc::CalcSet::Computed&}]’ at /home/z/sci-calc/.scicalc-cache/toolchains/mingw/usr/lib/gcc/x86_64-w64-mingw32ucrt/14/include/c++/bits/invoke.h:61:67,
    inlined from ‘constexpr typename std::__invoke_result<_Functor, _ArgTypes>::type std::__invoke(_Callable&&, _Args&& ...) [with _Callable = calc::CalcSet::toString() const::<lambda(const auto:29&)>; _Args = {const calc::CalcSet::Computed&}]’ at /home/z/sci-calc/.scicalc-cache/toolchains/mingw/usr/lib/gcc/x86_64-w64-mingw32ucrt/14/include/c++/bits/invoke.h:97:36,
    inlined from ‘static constexpr decltype(auto) std::__detail::__variant::__gen_vtable_impl<std::__detail::__variant::_Multi_array<_Result_type (*)(_Visitor, _Variants ...)>, std::integer_sequence<long long unsigned int, __indices ...> >::__visit_invoke(_Visitor&&, _Variants ...) [with _Result_type = std::__detail::__variant::__deduce_visit_result<std::__cxx11::basic_string<char> >; _Visitor = calc::CalcSet::toString() const::<lambda(const auto:29&)>&&; _Variants = {const std::variant<calc::CalcSet::Enumerated, calc::CalcSet::Interval, calc::CalcSet::Computed, calc::CalcSet::PredefinedSet>&}; long long unsigned int ...__indices = {2}]’ at /home/z/sci-calc/.scicalc-cache/toolchains/mingw/usr/lib/gcc/x86_64-w64-mingw32ucrt/14/include/c++/variant:1062:38,
    inlined from ‘constexpr decltype(auto) std::__do_visit(_Visitor&&, _Variants&& ...) [with _Result_type = __detail::__variant::__deduce_visit_result<__cxx11::basic_string<char> >; _Visitor = calc::CalcSet::toString() const::<lambda(const auto:29&)>; _Variants = {const variant<calc::CalcSet::Enumerated, calc::CalcSet::Interval, calc::CalcSet::Computed, calc::CalcSet::PredefinedSet>&}]’ at /home/z/sci-calc/.scicalc-cache/toolchains/mingw/usr/lib/gcc/x86_64-w64-mingw32ucrt/14/include/c++/variant:1821:5:
/home/z/sci-calc/.scicalc-cache/toolchains/mingw/usr/lib/gcc/x86_64-w64-mingw32ucrt/14/include/c++/bits/char_traits.h:391:32: warning: ‘opStr’ may be used uninitialized [-Wmaybe-uninitialized]
  391 |         return __builtin_strlen(__s);
      |                ~~~~~~~~~~~~~~~~^~~~~
/home/z/sci-calc/calc-core/src/main/cpp/src/set_operations.cpp: In function ‘constexpr decltype(auto) std::__do_visit(_Visitor&&, _Variants&& ...) [with _Result_type = __detail::__variant::__deduce_visit_result<__cxx11::basic_string<char> >; _Visitor = calc::CalcSet::toString() const::<lambda(const auto:29&)>; _Variants = {const variant<calc::CalcSet::Enumerated, calc::CalcSet::Interval, calc::CalcSet::Computed, calc::CalcSet::PredefinedSet>&}]’:
/home/z/sci-calc/calc-core/src/main/cpp/src/set_operations.cpp:133:25: note: ‘opStr’ was declared here
  133 |             const char* opStr;
      |                         ^~~~~
In file included from /home/z/sci-calc/.scicalc-cache/toolchains/mingw/usr/lib/gcc/x86_64-w64-mingw32ucrt/14/include/c++/string:42,
                 from /home/z/sci-calc/calc-core/src/main/cpp/public/calc/set_operations.h:7,
                 from /home/z/sci-calc/calc-core/src/main/cpp/src/set_operations.cpp:1:
In static member function ‘static constexpr std::size_t std::char_traits<char>::length(const char_type*)’,
    inlined from ‘std::__cxx11::basic_string<_CharT, _Traits, _Alloc>& std::__cxx11::basic_string<_CharT, _Traits, _Alloc>::append(const _CharT*) [with _CharT = char; _Traits = std::char_traits<char>; _Alloc = std::allocator<char>]’ at /home/z/sci-calc/.scicalc-cache/toolchains/mingw/usr/lib/gcc/x86_64-w64-mingw32ucrt/14/include/c++/bits/basic_string.h:1483:43,
    inlined from ‘std::__cxx11::basic_string<_CharT, _Traits, _Allocator> std::operator+(__cxx11::basic_string<_CharT, _Traits, _Allocator>&&, const _CharT*) [with _CharT = char; _Traits = char_traits<char>; _Alloc = allocator<char>]’ at /home/z/sci-calc/.scicalc-cache/toolchains/mingw/usr/lib/gcc/x86_64-w64-mingw32ucrt/14/include/c++/bits/basic_string.h:3735:36,
    inlined from ‘calc::CalcSet::toString() const::<lambda(const auto:29&)> [with auto:29 = calc::CalcSet::Computed]’ at /home/z/sci-calc/calc-core/src/main/cpp/src/set_operations.cpp:139:39,
    inlined from ‘constexpr _Res std::__invoke_impl(__invoke_other, _Fn&&, _Args&& ...) [with _Res = __cxx11::basic_string<char>; _Fn = calc::CalcSet::toString() const::<lambda(const auto:29&)>; _Args = {const calc::CalcSet::Computed&}]’ at /home/z/sci-calc/.scicalc-cache/toolchains/mingw/usr/lib/gcc/x86_64-w64-mingw32ucrt/14/include/c++/bits/invoke.h:61:67,
    inlined from ‘constexpr typename std::__invoke_result<_Functor, _ArgTypes>::type std::__invoke(_Callable&&, _Args&& ...) [with _Callable = calc::CalcSet::toString() const::<lambda(const auto:29&)>; _Args = {const calc::CalcSet::Computed&}]’ at /home/z/sci-calc/.scicalc-cache/toolchains/mingw/usr/lib/gcc/x86_64-w64-mingw32ucrt/14/include/c++/bits/invoke.h:97:36,
    inlined from ‘static constexpr decltype(auto) std::__detail::__variant::__gen_vtable_impl<std::__detail::__variant::_Multi_array<_Result_type (*)(_Visitor, _Variants ...)>, std::integer_sequence<long long unsigned int, __indices ...> >::__visit_invoke(_Visitor&&, _Variants ...) [with _Result_type = std::__detail::__variant::__deduce_visit_result<std::__cxx11::basic_string<char> >; _Visitor = calc::CalcSet::toString() const::<lambda(const auto:29&)>&&; _Variants = {const std::variant<calc::CalcSet::Enumerated, calc::CalcSet::Interval, calc::CalcSet::Computed, calc::CalcSet::PredefinedSet>&}; long long unsigned int ...__indices = {2}]’ at /home/z/sci-calc/.scicalc-cache/toolchains/mingw/usr/lib/gcc/x86_64-w64-mingw32ucrt/14/include/c++/variant:1062:38,
    inlined from ‘constexpr decltype(auto) std::__do_visit(_Visitor&&, _Variants&& ...) [with _Result_type = __detail::__variant::__deduce_visit_result<__cxx11::basic_string<char> >; _Visitor = calc::CalcSet::toString() const::<lambda(const auto:29&)>; _Variants = {const variant<calc::CalcSet::Enumerated, calc::CalcSet::Interval, calc::CalcSet::Computed, calc::CalcSet::PredefinedSet>&}]’ at /home/z/sci-calc/.scicalc-cache/toolchains/mingw/usr/lib/gcc/x86_64-w64-mingw32ucrt/14/include/c++/variant:1821:5:
/home/z/sci-calc/.scicalc-cache/toolchains/mingw/usr/lib/gcc/x86_64-w64-mingw32ucrt/14/include/c++/bits/char_traits.h:391:32: warning: ‘opStr’ may be used uninitialized [-Wmaybe-uninitialized]
  391 |         return __builtin_strlen(__s);
      |                ~~~~~~~~~~~~~~~~^~~~~
/home/z/sci-calc/calc-core/src/main/cpp/src/set_operations.cpp: In function ‘constexpr decltype(auto) std::__do_visit(_Visitor&&, _Variants&& ...) [with _Result_type = __detail::__variant::__deduce_visit_result<__cxx11::basic_string<char> >; _Visitor = calc::CalcSet::toString() const::<lambda(const auto:29&)>; _Variants = {const variant<calc::CalcSet::Enumerated, calc::CalcSet::Interval, calc::CalcSet::Computed, calc::CalcSet::PredefinedSet>&}]’:
/home/z/sci-calc/calc-core/src/main/cpp/src/set_operations.cpp:133:25: note: ‘opStr’ was declared here
  133 |             const char* opStr;
      |                         ^~~~~
